<?xml version="1.0" encoding="UTF-8"?>
<!-- Generated by org.testng.reporters.JUnitReportReporter -->
<testsuite name="com.kt.enrollez.Broker_Representaive_TestCase" tests="11" time="128.405" ignored="0" failures="0" timestamp="26 Dec 2019 11:59:29 GMT" skipped="0" hostname="SUBHASHA-PC" errors="0">
  <testcase name="Verify_Cancel_Broker" time="17.614" classname="com.kt.enrollez.Broker_Representaive_TestCase"/>
  <testcase name="VerifyClick" time="4.552" classname="com.kt.enrollez.Broker_Representaive_TestCase"/>
  <testcase name="Add_BrokerRep" time="13.468" classname="com.kt.enrollez.Broker_Representaive_TestCase"/>
  <testcase name="Delete_Rep" time="0.730" classname="com.kt.enrollez.Broker_Representaive_TestCase"/>
  <testcase name="Update_BrokerRep" time="12.776" classname="com.kt.enrollez.Broker_Representaive_TestCase"/>
  <testcase name="printTable" time="1.092" classname="com.kt.enrollez.Broker_Representaive_TestCase"/>
  <testcase name="Add_BrokerRep" time="16.764" classname="com.kt.enrollez.Broker_Representaive_TestCase"/>
  <testcase name="Add_BrokerRep" time="14.103" classname="com.kt.enrollez.Broker_Representaive_TestCase"/>
  <testcase name="Update_BrokerRep" time="11.975" classname="com.kt.enrollez.Broker_Representaive_TestCase"/>
  <testcase name="Update_BrokerRep" time="10.628" classname="com.kt.enrollez.Broker_Representaive_TestCase"/>
  <testcase name="Verify_Login_WithValidInputs" time="24.703" classname="com.kt.enrollez.Broker_Representaive_TestCase"/>
</testsuite> <!-- com.kt.enrollez.Broker_Representaive_TestCase -->
