<?xml version="1.0" encoding="UTF-8"?>
<!-- Generated by org.testng.reporters.JUnitReportReporter -->
<testsuite name="com.kt.enrollez.Broker_Login_TestCase" tests="7" time="19.692" ignored="0" failures="0" timestamp="26 Dec 2019 11:59:29 GMT" skipped="0" hostname="SUBHASHA-PC" errors="0">
  <testcase name="Verify_Login" time="11.414" classname="com.kt.enrollez.Broker_Login_TestCase"/>
  <testcase name="Verify_Application_Url" time="0.012" classname="com.kt.enrollez.Broker_Login_TestCase"/>
  <testcase name="Verify_Placeholder_ofAllfields" time="0.086" classname="com.kt.enrollez.Broker_Login_TestCase"/>
  <testcase name="Verify_Login" time="4.562" classname="com.kt.enrollez.Broker_Login_TestCase"/>
  <testcase name="Verify_Logo" time="0.084" classname="com.kt.enrollez.Broker_Login_TestCase"/>
  <testcase name="Verify_Application_Title" time="0.020" classname="com.kt.enrollez.Broker_Login_TestCase"/>
  <testcase name="Verify_Login" time="3.514" classname="com.kt.enrollez.Broker_Login_TestCase"/>
</testsuite> <!-- com.kt.enrollez.Broker_Login_TestCase -->
